time="2022-08-16 14:52:41" level=info Agent=PostmanRuntime/7.29.2 DataSize=51 HostName=DESKTOP-PSG3PI7 IP="::1" Method=GET Path="/api/v1/users?pageSize=0&pageNum=0" SpendTime="0 ms" status=200
time="2022-08-16 14:53:14" level=info Agent=PostmanRuntime/7.29.2 DataSize=251 HostName=DESKTOP-PSG3PI7 IP="::1" Method=POST Path=/api/v1/user/add SpendTime="119 ms" status=200
time="2022-08-16 14:53:23" level=info Agent=PostmanRuntime/7.29.2 DataSize=51 HostName=DESKTOP-PSG3PI7 IP="::1" Method=GET Path="/api/v1/users?pageSize=0&pageNum=0" SpendTime="0 ms" status=200
time="2022-08-16 14:53:38" level=info Agent=PostmanRuntime/7.29.2 DataSize=51 HostName=DESKTOP-PSG3PI7 IP="::1" Method=GET Path="/api/v1/article?pageSize&pageNum" SpendTime="0 ms" status=200
time="2022-08-16 14:55:59" level=info Agent=PostmanRuntime/7.29.2 DataSize=51 HostName=DESKTOP-PSG3PI7 IP="::1" Method=GET Path="/api/v1/users?pageSize=0&pageNum=0" SpendTime="0 ms" status=200
time="2022-08-16 14:58:17" level=info Agent=PostmanRuntime/7.29.2 DataSize=479 HostName=DESKTOP-PSG3PI7 IP="::1" Method=GET Path="/api/v1/users?pageSize=0&pageNum=0" SpendTime="16 ms" status=200
time="2022-08-16 15:01:33" level=info Agent=PostmanRuntime/7.29.2 DataSize=479 HostName=DESKTOP-PSG3PI7 IP="::1" Method=GET Path="/api/v1/users?pageSize=0&pageNum=0" SpendTime="20 ms" status=200
time="2022-08-16 15:03:53" level=info Agent=PostmanRuntime/7.29.2 DataSize=49 HostName=DESKTOP-PSG3PI7 IP="::1" Method=GET Path="/api/v1/article?pageSize&pageNum" SpendTime="70 ms" status=200
time="2022-08-16 15:03:58" level=info Agent=PostmanRuntime/7.29.2 DataSize=49 HostName=DESKTOP-PSG3PI7 IP="::1" Method=GET Path="/api/v1/article/list/4?pageSize&pageNum" SpendTime="44 ms" status=200
time="2022-08-16 15:04:10" level=info Agent=PostmanRuntime/7.29.2 DataSize=49 HostName=DESKTOP-PSG3PI7 IP="::1" Method=GET Path="/api/v1/category?pageSize&pageNum" SpendTime="66 ms" status=200
time="2022-08-16 15:05:13" level=info Agent=PostmanRuntime/7.29.2 DataSize=51 HostName=DESKTOP-PSG3PI7 IP="::1" Method=GET Path="/api/v1/category?pageSize&pageNum" SpendTime="0 ms" status=200
time="2022-08-16 15:05:15" level=info Agent=PostmanRuntime/7.29.2 DataSize=51 HostName=DESKTOP-PSG3PI7 IP="::1" Method=GET Path="/api/v1/category?pageSize&pageNum" SpendTime="0 ms" status=200
time="2022-08-16 15:05:34" level=info Agent=PostmanRuntime/7.29.2 DataSize=49 HostName=DESKTOP-PSG3PI7 IP="::1" Method=GET Path="/api/v1/category?pageSize&pageNum" SpendTime="9 ms" status=200
time="2022-08-16 15:06:05" level=info Agent=PostmanRuntime/7.29.2 DataSize=40 HostName=DESKTOP-PSG3PI7 IP="::1" Method=POST Path=/api/v1/category/add SpendTime="0 ms" status=200
time="2022-08-16 15:06:14" level=info Agent=PostmanRuntime/7.29.2 DataSize=54 HostName=DESKTOP-PSG3PI7 IP="::1" Method=POST Path=/api/v1/login SpendTime="69 ms" status=200
time="2022-08-16 15:07:31" level=info Agent=PostmanRuntime/7.29.2 DataSize=54 HostName=DESKTOP-PSG3PI7 IP="::1" Method=POST Path=/api/v1/login SpendTime="67 ms" status=200
time="2022-08-16 15:07:45" level=info Agent=PostmanRuntime/7.29.2 DataSize=201 HostName=DESKTOP-PSG3PI7 IP="::1" Method=POST Path=/api/v1/user/add SpendTime="61 ms" status=200
time="2022-08-16 15:08:18" level=info Agent=PostmanRuntime/7.29.2 DataSize=53 HostName=DESKTOP-PSG3PI7 IP="::1" Method=POST Path=/api/v1/user/add SpendTime="0 ms" status=200
time="2022-08-16 15:11:00" level=info Agent=PostmanRuntime/7.29.2 DataSize=257 HostName=DESKTOP-PSG3PI7 IP="::1" Method=POST Path=/api/v1/user/add SpendTime="109 ms" status=200
time="2022-08-16 15:11:23" level=info Agent=PostmanRuntime/7.29.2 DataSize=197 HostName=DESKTOP-PSG3PI7 IP="::1" Method=POST Path=/api/v1/login SpendTime="57 ms" status=200
time="2022-08-16 15:12:01" level=info Agent=PostmanRuntime/7.29.2 DataSize=65 HostName=DESKTOP-PSG3PI7 IP="::1" Method=POST Path=/api/v1/category/add SpendTime="107 ms" status=200
time="2022-08-16 15:12:09" level=info Agent=PostmanRuntime/7.29.2 DataSize=61 HostName=DESKTOP-PSG3PI7 IP="::1" Method=POST Path=/api/v1/category/add SpendTime="60 ms" status=200
time="2022-08-16 15:12:15" level=info Agent=PostmanRuntime/7.29.2 DataSize=102 HostName=DESKTOP-PSG3PI7 IP="::1" Method=GET Path="/api/v1/category?pageSize&pageNum" SpendTime="90 ms" status=200
time="2022-08-16 15:12:45" level=info Agent=PostmanRuntime/7.29.2 DataSize=280 HostName=DESKTOP-PSG3PI7 IP="::1" Method=POST Path=/api/v1/article/add SpendTime="103 ms" status=200
time="2022-08-16 15:12:52" level=info Agent=PostmanRuntime/7.29.2 DataSize=280 HostName=DESKTOP-PSG3PI7 IP="::1" Method=POST Path=/api/v1/article/add SpendTime="47 ms" status=200
time="2022-08-16 15:13:05" level=info Agent=PostmanRuntime/7.29.2 DataSize=552 HostName=DESKTOP-PSG3PI7 IP="::1" Method=GET Path="/api/v1/article?pageSize&pageNum" SpendTime="110 ms" status=200
time="2022-08-16 15:13:19" level=info Agent=PostmanRuntime/7.29.2 DataSize=302 HostName=DESKTOP-PSG3PI7 IP="::1" Method=GET Path="/api/v1/article/list/1?pageSize&pageNum" SpendTime="129 ms" status=200
